Arguments: 
  C:\Program Files\nodejs\node.exe C:\Users\wangjie19\AppData\Roaming\npm\node_modules\yarn\bin\yarn.js init

PATH: 
  C:\Users\wangjie19\bin;C:\Program Files\Git\mingw64\bin;C:\Program Files\Git\usr\local\bin;C:\Program Files\Git\usr\bin;C:\Program Files\Git\usr\bin;C:\Program Files\Git\mingw64\bin;C:\Program Files\Git\usr\bin;C:\Users\wangjie19\bin;C:\ProgramData\Oracle\Java\javapath;C:\windows\system32;C:\windows;C:\windows\System32\Wbem;C:\windows\System32\WindowsPowerShell\v1.0;C:\Program Files\Intel\WiFi\bin;C:\Program Files\Common Files\Intel\WirelessCommon;C:\Program Files\TortoiseSVN\bin;C:\Program Files (x86)\Subversion\bin;C:\Program Files\VanDyke Software\Clients;D:\软件\nwjs-v0.12.3-win-x64;D;D:\Program Files\Java\jdk1.8.0_05\bin;D:\Program Files\Java\jdk1.8.0_05\bin;D:\Program Files\Java\jdk1.8.0_05\jre\bin;D:\Program Files\MongoDB\Server\3.2\bin;D:\软件\phantomjs-2.1.1-windows\bin;D;D:\软件\php-5.6.19-nts-Win32-VC11-x64;C:\Program Files\Git\cmd;C:\Program Files\nodejs;C:\Program Files\Java\jdk1.6.0_45\bin;C:\Program Files\Java\jdk1.6.0_45\jre\bin;D:\soft\redis_win\redis\redisbin_x64;D:\Program Files (x86)\WinRAR;C:\Program Files\MongoDB\Server\3.1\bin;D:\Program Files\Sublime Text 3;C:\Users\wangjie19\AppData\Local\atom\bin;D:\软件\php-5.6.19-nts-Win32-VC11-x64;D:\软件\php-5.6.19-nts-Win32-VC11-x64;C:\Users\wangjie19\AppData\Roaming\npm;C:\Program Files\Git\usr\bin\vendor_perl;C:\Program Files\Git\usr\bin\core_perl

Yarn version: 
  0.17.9

Node version: 
  4.4.4

Platform: 
  win32 x64

npm manifest: 
  No manifest

yarn manifest: 
  No manifest

Lockfile: 
  No lockfile

Trace: 
  Error: Can't answer a question unless a user TTY
      at ConsoleReporter.question (C:\Users\wangjie19\AppData\Roaming\npm\node_modules\yarn\lib-legacy\reporters\console\console-reporter.js:204:59)
      at Object.<anonymous> (C:\Users\wangjie19\AppData\Roaming\npm\node_modules\yarn\lib-legacy\cli\commands\init.js:111:38)
      at next (native)
      at step (C:\Users\wangjie19\AppData\Roaming\npm\node_modules\yarn\node_modules\babel-runtime\helpers\asyncToGenerator.js:17:30)
      at C:\Users\wangjie19\AppData\Roaming\npm\node_modules\yarn\node_modules\babel-runtime\helpers\asyncToGenerator.js:28:13
      at run (C:\Users\wangjie19\AppData\Roaming\npm\node_modules\yarn\node_modules\babel-runtime\node_modules\core-js\library\modules\es6.promise.js:87:22)
      at C:\Users\wangjie19\AppData\Roaming\npm\node_modules\yarn\node_modules\babel-runtime\node_modules\core-js\library\modules\es6.promise.js:100:28
      at flush (C:\Users\wangjie19\AppData\Roaming\npm\node_modules\yarn\node_modules\babel-runtime\node_modules\core-js\library\modules\_microtask.js:18:9)
      at nextTickCallbackWith0Args (node.js:420:9)
      at process._tickCallback (node.js:349:13)
